<?xml version="1.0" encoding="UTF-8"?>
<!-- Generated by org.testng.reporters.JUnitReportReporter -->
<testsuite skipped="0" hostname="aj-HP-Compaq-Pro-6300-SFF" name="First_Aid_Info.All_FirstAid" tests="1" failures="0" timestamp="29 Mar 2018 11:34:23 GMT" time="44.678" errors="0">
  <testcase name="textConsult" time="44.678" classname="First_Aid_Info.All_FirstAid"/>
</testsuite> <!-- First_Aid_Info.All_FirstAid -->
