<?xml version="1.0" encoding="UTF-8"?>
<!-- Generated by org.testng.reporters.JUnitReportReporter -->
<testsuite skipped="0" hostname="aj-HP-Compaq-Pro-6300-SFF" name="Health_Feed.Latest_HealthFeed" tests="2" failures="0" timestamp="30 Mar 2018 06:51:07 GMT" time="155.531" errors="0">
  <testcase name="firstAid_bookmared" time="79.658" classname="Health_Feed.Latest_HealthFeed"/>
  <testcase name="firstAid_unbookmarked" time="75.873" classname="Health_Feed.Latest_HealthFeed"/>
</testsuite> <!-- Health_Feed.Latest_HealthFeed -->
