<?xml version="1.0" encoding="UTF-8"?>
<!-- Generated by org.testng.reporters.JUnitReportReporter -->
<testsuite skipped="0" hostname="aj-HP-Compaq-Pro-6300-SFF" name="APPOINTMENTS.Conditions" tests="1" failures="0" timestamp="29 Mar 2018 10:14:05 GMT" time="72.870" errors="0">
  <testcase name="condition_details" time="72.870" classname="APPOINTMENTS.Conditions"/>
</testsuite> <!-- APPOINTMENTS.Conditions -->
