<?xml version="1.0" encoding="UTF-8"?>
<!-- Generated by org.testng.reporters.JUnitReportReporter -->
<testsuite skipped="0" hostname="aj-HP-Compaq-Pro-6300-SFF" name="APPOINTMENTS.Procedures" tests="1" failures="0" timestamp="29 Mar 2018 10:09:06 GMT" time="65.684" errors="0">
  <testcase name="procedure_details" time="65.684" classname="APPOINTMENTS.Procedures"/>
</testsuite> <!-- APPOINTMENTS.Procedures -->
