<?xml version="1.0" encoding="UTF-8"?>
<!-- Generated by org.testng.reporters.JUnitReportReporter -->
<testsuite skipped="0" hostname="aj-HP-Compaq-Pro-6300-SFF" name="Complete_Profile.Profile" tests="1" failures="0" timestamp="31 Mar 2018 05:12:08 GMT" time="58.060" errors="0">
  <testcase name="select_DOB" time="58.060" classname="Complete_Profile.Profile"/>
</testsuite> <!-- Complete_Profile.Profile -->
