<?xml version="1.0" encoding="UTF-8"?>
<!-- Generated by org.testng.reporters.JUnitReportReporter -->
<testsuite skipped="0" hostname="aj-HP-Compaq-Pro-6300-SFF" name="APPOINTMENTS.Medication" tests="1" failures="0" timestamp="29 Mar 2018 10:32:32 GMT" time="119.653" errors="0">
  <testcase name="condition_details" time="119.653" classname="APPOINTMENTS.Medication"/>
</testsuite> <!-- APPOINTMENTS.Medication -->
