<?xml version="1.0" encoding="UTF-8"?>
<!-- Generated by org.testng.reporters.JUnitReportReporter -->
<testsuite skipped="0" hostname="aj-HP-Compaq-Pro-6300-SFF" name="SignUp.facebook_Signup" tests="1" failures="0" timestamp="27 Mar 2018 05:30:56 GMT" time="44.144" errors="0">
  <testcase name="signup_fb" time="44.144" classname="SignUp.facebook_Signup"/>
</testsuite> <!-- SignUp.facebook_Signup -->
