<?xml version="1.0" encoding="UTF-8"?>
<!-- Generated by org.testng.reporters.JUnitReportReporter -->
<testsuite skipped="0" hostname="aj-HP-Compaq-Pro-6300-SFF" name="Consult_Live.Book_Appointment" tests="2" failures="0" timestamp="29 Mar 2018 05:38:34 GMT" time="188.980" errors="0">
  <testcase name="book_appointment" time="95.377" classname="Consult_Live.Book_Appointment"/>
  <testcase name="book_appointmentforsomeone" time="93.603" classname="Consult_Live.Book_Appointment"/>
</testsuite> <!-- Consult_Live.Book_Appointment -->
