<?xml version="1.0" encoding="UTF-8"?>
<!-- Generated by org.testng.reporters.JUnitReportReporter -->
<testsuite skipped="0" hostname="aj-HP-Compaq-Pro-6300-SFF" name="APPOINTMENTS.Symptoms" tests="3" failures="0" timestamp="29 Mar 2018 09:18:19 GMT" time="200.008" errors="0">
  <testcase name="symptom2_details" time="54.490" classname="APPOINTMENTS.Symptoms"/>
  <testcase name="symptom1_details" time="51.553" classname="APPOINTMENTS.Symptoms"/>
  <testcase name="consultWithDoctor" time="93.965" classname="APPOINTMENTS.Symptoms"/>
</testsuite> <!-- APPOINTMENTS.Symptoms -->
