<?xml version="1.0" encoding="UTF-8"?>
<!-- Generated by org.testng.reporters.JUnitReportReporter -->
<testsuite skipped="0" hostname="aj-HP-Compaq-Pro-6300-SFF" name="Consult_Live.Consultation" tests="4" failures="0" timestamp="28 Mar 2018 11:11:49 GMT" time="332.126" errors="0">
  <testcase name="Text_consult" time="82.150" classname="Consult_Live.Consultation"/>
  <testcase name="Phone_consult" time="89.382" classname="Consult_Live.Consultation"/>
  <testcase name="video_consult" time="86.248" classname="Consult_Live.Consultation"/>
  <testcase name="Text_consultforsomeone" time="74.346" classname="Consult_Live.Consultation"/>
</testsuite> <!-- Consult_Live.Consultation -->
