<?xml version="1.0" encoding="UTF-8"?>
<!-- Generated by org.testng.reporters.JUnitReportReporter -->
<testsuite skipped="0" hostname="aj-HP-Compaq-Pro-6300-SFF" name="Login.Login" tests="2" failures="0" timestamp="27 Mar 2018 08:54:16 GMT" time="85.249" errors="0">
  <testcase name="invalid_login" time="38.597" classname="Login.Login"/>
  <testcase name="valid_login" time="46.652" classname="Login.Login"/>
</testsuite> <!-- Login.Login -->
