<?xml version="1.0" encoding="UTF-8"?>
<!-- Generated by org.testng.reporters.JUnitReportReporter -->
<testsuite skipped="0" hostname="aj-HP-Compaq-Pro-6300-SFF" name="Health_Feed.Categories_of_healthfeed" tests="8" failures="0" timestamp="30 Mar 2018 07:20:37 GMT" time="636.690" errors="0">
  <testcase name="MyFitness_bookmared" time="84.243" classname="Health_Feed.Categories_of_healthfeed"/>
  <testcase name="MyFitness_unbookmarked" time="77.897" classname="Health_Feed.Categories_of_healthfeed"/>
  <testcase name="MyFood_bookmared" time="80.298" classname="Health_Feed.Categories_of_healthfeed"/>
  <testcase name="MyFood_unbookmarked" time="79.359" classname="Health_Feed.Categories_of_healthfeed"/>
  <testcase name="MyLifestyle_bookmared" time="78.035" classname="Health_Feed.Categories_of_healthfeed"/>
  <testcase name="MyLifestyle_unbookmarked" time="77.713" classname="Health_Feed.Categories_of_healthfeed"/>
  <testcase name="MyPrevention_bookmared" time="81.254" classname="Health_Feed.Categories_of_healthfeed"/>
  <testcase name="MyPrevention_unbookmarked" time="77.891" classname="Health_Feed.Categories_of_healthfeed"/>
</testsuite> <!-- Health_Feed.Categories_of_healthfeed -->
